<?xml version="1.0" encoding="UTF-8"?>
<!-- Generated by org.testng.reporters.JUnitXMLReporter -->
<testsuite ignored="0" hostname="LAPTOP-1VL2SLMT" failures="0" tests="3" name="Default test" time="138.83" errors="0" timestamp="2023-08-30T18:32:04 IST">
  <testcase classname="TestScript.ST_TC_006_Test" name="vERIFY_THAT_USER_CAN_ADD_MODULE_AND_CHECK" time="17.72"/>
  <testcase classname="TestScript.ST_TC_006_Test" name="vERIFY_THAT_USER_CAN_ADD_MODULE_AND_CHECK" time="17.655"/>
  <testcase classname="TestScript.ST_TC_006_Test" name="vERIFY_THAT_USER_CAN_ADD_MODULE_AND_CHECK" time="17.623"/>
</testsuite> <!-- Default test -->
