<?xml version="1.0" encoding="UTF-8"?>
<testng-results ignored="0" total="3" passed="3" failed="0" skipped="0">
  <reporter-output>
  </reporter-output>
  <suite started-at="2023-08-30T18:29:45 IST" name="Default suite" finished-at="2023-08-30T18:32:04 IST" duration-ms="138830">
    <groups>
    </groups>
    <test started-at="2023-08-30T18:29:45 IST" name="Default test" finished-at="2023-08-30T18:32:04 IST" duration-ms="138830">
      <class name="TestScript.ST_TC_006_Test">
        <test-method is-config="true" signature="launchingBrowser()[pri:0, instance:TestScript.ST_TC_006_Test@3f6b0be5]" started-at="2023-08-30T18:29:45 IST" name="launchingBrowser" finished-at="2023-08-30T18:29:48 IST" duration-ms="3192" status="PASS">
          <reporter-output>
          </reporter-output>
        </test-method> <!-- launchingBrowser -->
        <test-method is-config="true" signature="navigatingToApplication()[pri:0, instance:TestScript.ST_TC_006_Test@3f6b0be5]" started-at="2023-08-30T18:29:49 IST" name="navigatingToApplication" finished-at="2023-08-30T18:30:01 IST" duration-ms="12194" status="PASS">
          <reporter-output>
          </reporter-output>
        </test-method> <!-- navigatingToApplication -->
        <test-method signature="vERIFY_THAT_USER_CAN_ADD_MODULE_AND_CHECK(java.lang.String)[pri:0, instance:TestScript.ST_TC_006_Test@3f6b0be5]" started-at="2023-08-30T18:30:01 IST" name="vERIFY_THAT_USER_CAN_ADD_MODULE_AND_CHECK" data-provider="testdata" finished-at="2023-08-30T18:30:18 IST" duration-ms="17720" status="PASS">
          <params>
            <param index="0">
              <value>
                <![CDATA[ADD MODULE]]>
              </value>
            </param>
          </params>
          <reporter-output>
          </reporter-output>
        </test-method> <!-- vERIFY_THAT_USER_CAN_ADD_MODULE_AND_CHECK -->
        <test-method is-config="true" signature="signingOutfromthepage()[pri:0, instance:TestScript.ST_TC_006_Test@3f6b0be5]" started-at="2023-08-30T18:30:18 IST" name="signingOutfromthepage" finished-at="2023-08-30T18:30:30 IST" duration-ms="11482" status="PASS">
          <reporter-output>
          </reporter-output>
        </test-method> <!-- signingOutfromthepage -->
        <test-method is-config="true" signature="navigatingToApplication()[pri:0, instance:TestScript.ST_TC_006_Test@3f6b0be5]" started-at="2023-08-30T18:30:30 IST" name="navigatingToApplication" finished-at="2023-08-30T18:30:42 IST" duration-ms="12073" status="PASS">
          <reporter-output>
          </reporter-output>
        </test-method> <!-- navigatingToApplication -->
        <test-method signature="vERIFY_THAT_USER_CAN_ADD_MODULE_AND_CHECK(java.lang.String)[pri:0, instance:TestScript.ST_TC_006_Test@3f6b0be5]" started-at="2023-08-30T18:30:42 IST" name="vERIFY_THAT_USER_CAN_ADD_MODULE_AND_CHECK" data-provider="testdata" finished-at="2023-08-30T18:31:00 IST" duration-ms="17655" status="PASS">
          <params>
            <param index="0">
              <value>
                <![CDATA[New module]]>
              </value>
            </param>
          </params>
          <reporter-output>
          </reporter-output>
        </test-method> <!-- vERIFY_THAT_USER_CAN_ADD_MODULE_AND_CHECK -->
        <test-method is-config="true" signature="signingOutfromthepage()[pri:0, instance:TestScript.ST_TC_006_Test@3f6b0be5]" started-at="2023-08-30T18:31:00 IST" name="signingOutfromthepage" finished-at="2023-08-30T18:31:11 IST" duration-ms="11565" status="PASS">
          <reporter-output>
          </reporter-output>
        </test-method> <!-- signingOutfromthepage -->
        <test-method is-config="true" signature="navigatingToApplication()[pri:0, instance:TestScript.ST_TC_006_Test@3f6b0be5]" started-at="2023-08-30T18:31:11 IST" name="navigatingToApplication" finished-at="2023-08-30T18:31:23 IST" duration-ms="11984" status="PASS">
          <reporter-output>
          </reporter-output>
        </test-method> <!-- navigatingToApplication -->
        <test-method signature="vERIFY_THAT_USER_CAN_ADD_MODULE_AND_CHECK(java.lang.String)[pri:0, instance:TestScript.ST_TC_006_Test@3f6b0be5]" started-at="2023-08-30T18:31:23 IST" name="vERIFY_THAT_USER_CAN_ADD_MODULE_AND_CHECK" data-provider="testdata" finished-at="2023-08-30T18:31:41 IST" duration-ms="17623" status="PASS">
          <params>
            <param index="0">
              <value>
                <![CDATA[hiiiiiiiiiii]]>
              </value>
            </param>
          </params>
          <reporter-output>
          </reporter-output>
        </test-method> <!-- vERIFY_THAT_USER_CAN_ADD_MODULE_AND_CHECK -->
        <test-method is-config="true" signature="signingOutfromthepage()[pri:0, instance:TestScript.ST_TC_006_Test@3f6b0be5]" started-at="2023-08-30T18:31:41 IST" name="signingOutfromthepage" finished-at="2023-08-30T18:31:52 IST" duration-ms="11459" status="PASS">
          <reporter-output>
          </reporter-output>
        </test-method> <!-- signingOutfromthepage -->
        <test-method is-config="true" signature="closingTheApplication()[pri:0, instance:TestScript.ST_TC_006_Test@3f6b0be5]" started-at="2023-08-30T18:31:52 IST" name="closingTheApplication" finished-at="2023-08-30T18:32:04 IST" duration-ms="11423" status="PASS">
          <reporter-output>
          </reporter-output>
        </test-method> <!-- closingTheApplication -->
      </class> <!-- TestScript.ST_TC_006_Test -->
    </test> <!-- Default test -->
  </suite> <!-- Default suite -->
</testng-results>
